02-Sep-24 15:29:43: INFO: Logger file created
02-Sep-24 15:31:46: INFO: Logger file created
02-Sep-24 15:32:17: INFO: Logger file created
02-Sep-24 15:34:14: INFO: Logger file created
02-Sep-24 15:42:18: INFO: Logger file created
02-Sep-24 15:45:56: INFO: Logger file created
02-Sep-24 15:46:40: INFO: Login Completed Successfully
02-Sep-24 15:47:22: INFO: Product Screen Navigation completed Successfully
02-Sep-24 15:47:44: INFO: Add Products Screen Navigation completed Successfully
02-Sep-24 15:48:06: INFO: New product added  Successfully
02-Sep-24 16:00:38: INFO: Logger file created
02-Sep-24 16:00:38: INFO: Logger file created
02-Sep-24 16:00:38: INFO: Logger file created
02-Sep-24 16:01:06: INFO: Login Completed Successfully
02-Sep-24 16:01:49: INFO: Product Screen Navigation completed Successfully
02-Sep-24 16:02:11: INFO: Add Products Screen Navigation completed Successfully
02-Sep-24 16:02:34: INFO: New product added  Successfully
02-Sep-24 16:03:01: INFO: Logger file created
02-Sep-24 16:03:01: INFO: Logger file created
02-Sep-24 16:03:01: INFO: Logger file created
02-Sep-24 16:03:28: INFO: Login Completed Successfully
02-Sep-24 16:04:10: INFO: Product Screen Navigation completed Successfully
02-Sep-24 16:04:32: INFO: Add Products Screen Navigation completed Successfully
02-Sep-24 16:04:54: INFO: New product added  Successfully
02-Sep-24 16:20:50: INFO: Logger file created
02-Sep-24 16:21:18: INFO: Login Completed Successfully
02-Sep-24 16:22:00: INFO: Product Screen Navigation completed Successfully
02-Sep-24 16:22:22: INFO: Add Products Screen Navigation completed Successfully
02-Sep-24 16:22:43: INFO: New product added  Successfully
03-Sep-24 16:27:26: INFO: Logger file created
03-Sep-24 16:29:04: INFO: Login Completed Successfully
03-Sep-24 18:03:36: INFO: Logger file created
03-Sep-24 18:05:21: INFO: Login Completed Successfully
03-Sep-24 18:26:45: INFO: Logger file created
03-Sep-24 18:27:46: INFO: Logger file created
03-Sep-24 18:28:12: INFO: Login Completed Successfully
03-Sep-24 18:28:54: INFO: Product Screen Navigation completed Successfully
03-Sep-24 18:29:15: INFO: Add Products Screen Navigation completed Successfully
03-Sep-24 18:29:36: INFO: New product added  Successfully
03-Sep-24 18:33:29: INFO: Logger file created
03-Sep-24 18:33:59: INFO: Login Completed Successfully
03-Sep-24 18:34:40: INFO: Product Screen Navigation completed Successfully
03-Sep-24 18:35:02: INFO: Add Products Screen Navigation completed Successfully
03-Sep-24 18:35:23: INFO: New product added  Successfully
03-Sep-24 18:38:00: INFO: Logger file created
03-Sep-24 18:38:27: INFO: Login Completed Successfully
03-Sep-24 18:39:09: INFO: Product Screen Navigation completed Successfully
03-Sep-24 18:39:31: INFO: Add Products Screen Navigation completed Successfully
03-Sep-24 18:39:52: INFO: New product added  Successfully
03-Sep-24 18:43:23: INFO: Logger file created
03-Sep-24 18:43:50: INFO: Login Completed Successfully
03-Sep-24 18:44:31: INFO: Product Screen Navigation completed Successfully
03-Sep-24 18:44:51: INFO: Add Products Screen Navigation completed Successfully
03-Sep-24 18:45:13: INFO: New product added  Successfully
03-Sep-24 18:48:18: INFO: Logger file created
03-Sep-24 18:48:44: INFO: Login Completed Successfully
03-Sep-24 18:49:26: INFO: Product Screen Navigation completed Successfully
03-Sep-24 18:49:47: INFO: Add Products Screen Navigation completed Successfully
03-Sep-24 18:50:08: INFO: New product added  Successfully
03-Sep-24 19:05:17: INFO: Logger file created
03-Sep-24 19:05:46: INFO: Login Completed Successfully
03-Sep-24 19:06:27: INFO: Product Screen Navigation completed Successfully
03-Sep-24 19:06:49: INFO: Add Products Screen Navigation completed Successfully
03-Sep-24 19:07:10: INFO: New product added  Successfully
03-Sep-24 19:32:33: INFO: Logger file created
03-Sep-24 19:32:59: INFO: Login Completed Successfully
03-Sep-24 19:33:40: INFO: Product Screen Navigation completed Successfully
03-Sep-24 19:34:03: INFO: Add Products Screen Navigation completed Successfully
03-Sep-24 19:34:25: INFO: New product added  Successfully
04-Sep-24 10:58:05: INFO: Logger file created
04-Sep-24 10:58:56: INFO: Login Completed Successfully
04-Sep-24 10:59:37: INFO: Product Screen Navigation completed Successfully
04-Sep-24 10:59:59: INFO: Add Products Screen Navigation completed Successfully
04-Sep-24 11:00:21: INFO: New product added  Successfully
04-Sep-24 11:04:23: INFO: Logger file created
04-Sep-24 11:04:48: INFO: Login Completed Successfully
04-Sep-24 11:05:29: INFO: Product Screen Navigation completed Successfully
04-Sep-24 11:05:52: INFO: Add Products Screen Navigation completed Successfully
04-Sep-24 11:06:13: INFO: New product added  Successfully
04-Sep-24 11:39:30: INFO: Logger file created
04-Sep-24 11:39:58: INFO: Login Completed Successfully
04-Sep-24 11:40:39: INFO: Product Screen Navigation completed Successfully
04-Sep-24 11:41:01: INFO: Add Products Screen Navigation completed Successfully
04-Sep-24 11:41:22: INFO: New product added  Successfully
04-Sep-24 11:52:44: INFO: Logger file created
04-Sep-24 11:53:11: INFO: Login Completed Successfully
04-Sep-24 11:53:52: INFO: Product Screen Navigation completed Successfully
04-Sep-24 11:54:14: INFO: Add Products Screen Navigation completed Successfully
04-Sep-24 11:54:35: INFO: New product added  Successfully
04-Sep-24 11:57:03: INFO: Logger file created
04-Sep-24 11:57:30: INFO: Login Completed Successfully
04-Sep-24 11:58:11: INFO: Product Screen Navigation completed Successfully
04-Sep-24 11:58:34: INFO: Add Products Screen Navigation completed Successfully
04-Sep-24 11:58:55: INFO: New product added  Successfully
04-Sep-24 12:07:25: INFO: Logger file created
04-Sep-24 12:07:54: INFO: Login Completed Successfully
04-Sep-24 12:08:35: INFO: Product Screen Navigation completed Successfully
04-Sep-24 12:08:57: INFO: Add Products Screen Navigation completed Successfully
04-Sep-24 12:09:18: INFO: New product added  Successfully
04-Sep-24 14:52:11: INFO: Logger file created
04-Sep-24 14:53:07: INFO: Login Completed Successfully
04-Sep-24 14:54:17: INFO: Logger file created
04-Sep-24 14:54:44: INFO: Login Completed Successfully
04-Sep-24 14:55:25: INFO: Product Screen Navigation completed Successfully
04-Sep-24 14:55:52: INFO: Add Products Screen Navigation completed Successfully
04-Sep-24 14:56:14: INFO: New product added  Successfully
04-Sep-24 15:00:49: INFO: Logger file created
04-Sep-24 15:01:16: INFO: Login Completed Successfully
04-Sep-24 15:01:57: INFO: Product Screen Navigation completed Successfully
04-Sep-24 15:02:19: INFO: Add Products Screen Navigation completed Successfully
04-Sep-24 15:02:40: INFO: New product added  Successfully
04-Sep-24 15:05:41: INFO: Logger file created
04-Sep-24 15:06:17: INFO: Login Completed Successfully
04-Sep-24 15:06:59: INFO: Product Screen Navigation completed Successfully
04-Sep-24 15:07:21: INFO: Add Products Screen Navigation completed Successfully
04-Sep-24 15:07:42: INFO: New product added  Successfully
04-Sep-24 15:12:24: INFO: Logger file created
04-Sep-24 15:12:51: INFO: Login Completed Successfully
04-Sep-24 15:13:32: INFO: Product Screen Navigation completed Successfully
04-Sep-24 15:13:54: INFO: Add Products Screen Navigation completed Successfully
04-Sep-24 15:14:16: INFO: New product added  Successfully
04-Sep-24 15:15:01: INFO: Logger file created
04-Sep-24 15:15:32: INFO: Login Completed Successfully
04-Sep-24 15:16:14: INFO: Product Screen Navigation completed Successfully
04-Sep-24 15:16:35: INFO: Add Products Screen Navigation completed Successfully
04-Sep-24 15:16:56: INFO: New product added  Successfully
04-Sep-24 15:20:37: INFO: Logger file created
04-Sep-24 15:21:03: INFO: Login Completed Successfully
04-Sep-24 15:21:44: INFO: Product Screen Navigation completed Successfully
04-Sep-24 15:22:05: INFO: Add Products Screen Navigation completed Successfully
04-Sep-24 15:22:27: INFO: New product added  Successfully
04-Sep-24 15:25:04: INFO: Logger file created
04-Sep-24 15:25:28: INFO: Login Completed Successfully
04-Sep-24 15:26:09: INFO: Product Screen Navigation completed Successfully
04-Sep-24 15:26:31: INFO: Add Products Screen Navigation completed Successfully
04-Sep-24 15:26:52: INFO: New product added  Successfully
04-Sep-24 15:29:04: INFO: Logger file created
04-Sep-24 15:29:30: INFO: Login Completed Successfully
04-Sep-24 15:30:11: INFO: Product Screen Navigation completed Successfully
04-Sep-24 15:30:32: INFO: Add Products Screen Navigation completed Successfully
04-Sep-24 15:30:53: INFO: New product added  Successfully
04-Sep-24 15:37:24: INFO: Logger file created
04-Sep-24 15:37:50: INFO: Login Completed Successfully
04-Sep-24 15:38:31: INFO: Product Screen Navigation completed Successfully
04-Sep-24 15:38:52: INFO: Add Products Screen Navigation completed Successfully
04-Sep-24 15:39:13: INFO: New product added  Successfully
23-Sep-24 11:54:21: INFO: Logger file created
23-Sep-24 11:55:57: INFO: Logger file created
23-Sep-24 11:57:20: INFO: Logger file created
23-Sep-24 11:58:55: INFO: Logger file created
23-Sep-24 11:59:45: INFO: Logger file created
23-Sep-24 12:19:48: INFO: Logger file created
23-Sep-24 12:19:48: INFO: Logger file created
23-Sep-24 12:20:15: INFO: Login Completed Successfully
23-Sep-24 12:20:56: INFO: Product Screen Navigation completed Successfully
23-Sep-24 12:21:17: INFO: Add Products Screen Navigation completed Successfully
23-Sep-24 12:21:39: INFO: New product added  Successfully
23-Sep-24 12:42:39: INFO: Logger file created
23-Sep-24 12:42:39: INFO: Logger file created
23-Sep-24 12:42:44: INFO: Username is set
23-Sep-24 12:42:45: INFO: Password is set
23-Sep-24 12:43:08: INFO: Login Page is displayed
23-Sep-24 12:43:08: INFO: Login Completed Successfully
23-Sep-24 12:43:49: INFO: Product Screen Navigation completed Successfully
23-Sep-24 12:44:10: INFO: Add Products Screen Navigation completed Successfully
23-Sep-24 12:44:32: INFO: New product added  Successfully
23-Sep-24 15:57:04: INFO: Logger file created
23-Sep-24 15:57:12: INFO: Username is set
23-Sep-24 15:57:12: INFO: Password is set
23-Sep-24 15:57:35: INFO: Login Page is displayed
23-Sep-24 15:57:35: INFO: Login Completed Successfully
23-Sep-24 15:58:18: INFO: Product Screen Navigation completed Successfully
23-Sep-24 15:58:40: INFO: Add Products Screen Navigation completed Successfully
23-Sep-24 15:59:02: INFO: New product added  Successfully
23-Sep-24 19:20:58: INFO: Logger file created
23-Sep-24 19:21:20: INFO: Logger file created
23-Sep-24 19:27:16: INFO: Logger file created
23-Sep-24 19:27:49: INFO: Username is set
23-Sep-24 19:27:49: INFO: Password is set
23-Sep-24 19:29:48: INFO: Login Page is displayed
23-Sep-24 19:29:48: INFO: Login Completed Successfully
23-Sep-24 19:30:29: INFO: Product Screen Navigation completed Successfully
23-Sep-24 19:30:50: INFO: Add Products Screen Navigation completed Successfully
23-Sep-24 19:31:11: INFO: New product added  Successfully
02-Oct-24 16:25:54: INFO: Logger file created
02-Oct-24 16:26:05: INFO: Username is set
02-Oct-24 16:26:05: INFO: Password is set
02-Oct-24 16:26:27: INFO: Login Page is displayed
02-Oct-24 16:26:27: INFO: Login Completed Successfully
02-Oct-24 16:27:09: INFO: Product Screen Navigation completed Successfully
02-Oct-24 16:27:31: INFO: Add Products Screen Navigation completed Successfully
02-Oct-24 16:27:52: INFO: New product added  Successfully
02-Oct-24 16:31:30: INFO: Logger file created
02-Oct-24 16:32:05: INFO: Logger file created
02-Oct-24 16:34:36: INFO: Logger file created
02-Oct-24 16:34:52: INFO: Logger file created
02-Oct-24 16:35:16: INFO: Logger file created
02-Oct-24 16:35:21: INFO: Username is set
02-Oct-24 16:35:21: INFO: Password is set
02-Oct-24 16:35:44: INFO: Login Page is displayed
02-Oct-24 16:35:44: INFO: Login Completed Successfully
02-Oct-24 16:36:26: INFO: Product Screen Navigation completed Successfully
02-Oct-24 16:36:47: INFO: Add Products Screen Navigation completed Successfully
02-Oct-24 16:37:08: INFO: New product added  Successfully
02-Oct-24 16:37:44: INFO: Logger file created
02-Oct-24 16:38:53: INFO: Logger file created
02-Oct-24 16:39:47: INFO: Logger file created
02-Oct-24 16:41:27: INFO: Logger file created
02-Oct-24 16:42:22: INFO: Logger file created
02-Oct-24 16:46:52: INFO: Logger file created
02-Oct-24 16:49:24: INFO: Logger file created
02-Oct-24 16:49:43: INFO: Logger file created
02-Oct-24 16:49:48: INFO: Username is set
02-Oct-24 16:49:48: INFO: Password is set
02-Oct-24 16:50:10: INFO: Login Page is displayed
02-Oct-24 16:50:10: INFO: Login Completed Successfully
02-Oct-24 16:50:53: INFO: Product Screen Navigation completed Successfully
02-Oct-24 16:51:17: INFO: Add Products Screen Navigation completed Successfully
02-Oct-24 16:51:38: INFO: New product added  Successfully
02-Oct-24 16:52:40: INFO: Logger file created
02-Oct-24 16:53:27: INFO: Logger file created
02-Oct-24 17:04:40: INFO: Logger file created
02-Oct-24 17:04:46: INFO: Username is set
02-Oct-24 17:04:46: INFO: Password is set
02-Oct-24 17:05:09: INFO: Login Page is displayed
02-Oct-24 17:05:09: INFO: Login Completed Successfully
02-Oct-24 17:05:50: INFO: Product Screen Navigation completed Successfully
02-Oct-24 17:06:11: INFO: Add Products Screen Navigation completed Successfully
02-Oct-24 17:06:33: INFO: New product added  Successfully
02-Oct-24 17:08:19: INFO: Logger file created
02-Oct-24 17:08:24: INFO: Username is set
02-Oct-24 17:08:24: INFO: Password is set
02-Oct-24 17:08:46: INFO: Login Page is displayed
02-Oct-24 17:08:46: INFO: Login Completed Successfully
02-Oct-24 17:09:37: INFO: Product Screen Navigation completed Successfully
02-Oct-24 17:09:59: INFO: Add Products Screen Navigation completed Successfully
02-Oct-24 17:10:21: INFO: New product added  Successfully
04-Oct-24 11:35:14: INFO: Logger file created
04-Oct-24 11:36:37: INFO: Logger file created
04-Oct-24 11:50:24: INFO: Logger file created
04-Oct-24 12:22:27: INFO: Logger file created
04-Oct-24 12:22:46: WARNING: Error sending stats to Plausible: error sending request for url (https://plausible.io/api/event)
04-Oct-24 12:23:00: INFO: Username is set
04-Oct-24 12:23:00: INFO: Password is set
04-Oct-24 12:23:28: INFO: Login Page is displayed
04-Oct-24 12:23:28: INFO: Login Completed Successfully
04-Oct-24 12:24:13: INFO: Product Screen Navigation completed Successfully
04-Oct-24 12:24:39: INFO: Add Products Screen Navigation completed Successfully
04-Oct-24 12:28:10: INFO: Logger file created
04-Oct-24 12:28:22: INFO: Username is set
04-Oct-24 12:28:23: INFO: Password is set
04-Oct-24 12:28:52: INFO: Login Page is displayed
04-Oct-24 12:28:52: INFO: Login Completed Successfully
04-Oct-24 12:29:37: INFO: Product Screen Navigation completed Successfully
04-Oct-24 12:30:00: INFO: Add Products Screen Navigation completed Successfully
04-Oct-24 12:33:30: INFO: Logger file created
04-Oct-24 12:33:44: INFO: Username is set
04-Oct-24 12:33:44: INFO: Password is set
04-Oct-24 12:34:11: INFO: Login Page is displayed
04-Oct-24 12:34:11: INFO: Login Completed Successfully
04-Oct-24 12:34:56: INFO: Product Screen Navigation completed Successfully
04-Oct-24 12:35:23: INFO: Add Products Screen Navigation completed Successfully
04-Oct-24 12:35:45: INFO: New product added  Successfully
04-Oct-24 12:38:38: INFO: Logger file created
04-Oct-24 12:38:50: INFO: Username is set
04-Oct-24 12:38:50: INFO: Password is set
04-Oct-24 12:39:17: INFO: Login Page is displayed
04-Oct-24 12:39:17: INFO: Login Completed Successfully
04-Oct-24 12:40:03: INFO: Product Screen Navigation completed Successfully
04-Oct-24 12:40:26: INFO: Add Products Screen Navigation completed Successfully
04-Oct-24 12:40:48: INFO: New product added  Successfully
04-Oct-24 16:04:37: INFO: Logger file created
04-Oct-24 16:05:00: INFO: Username is set
04-Oct-24 16:05:00: INFO: Password is set
04-Oct-24 16:05:27: INFO: Login Page is displayed
04-Oct-24 16:05:27: INFO: Login Completed Successfully
04-Oct-24 16:06:14: INFO: Product Screen Navigation completed Successfully
04-Oct-24 16:06:41: INFO: Add Products Screen Navigation completed Successfully
04-Oct-24 16:10:23: INFO: Logger file created
04-Oct-24 16:10:34: INFO: Username is set
04-Oct-24 16:10:34: INFO: Password is set
04-Oct-24 16:11:02: INFO: Login Page is displayed
04-Oct-24 16:11:02: INFO: Login Completed Successfully
04-Oct-24 16:11:48: INFO: Product Screen Navigation completed Successfully
04-Oct-24 16:12:16: INFO: Add Products Screen Navigation completed Successfully
04-Oct-24 16:14:01: INFO: Logger file created
04-Oct-24 16:14:35: INFO: Logger file created
04-Oct-24 16:14:47: INFO: Username is set
04-Oct-24 16:14:47: INFO: Password is set
04-Oct-24 16:15:14: INFO: Login Page is displayed
04-Oct-24 16:15:14: INFO: Login Completed Successfully
04-Oct-24 16:15:57: INFO: Product Screen Navigation completed Successfully
04-Oct-24 16:16:25: INFO: Add Products Screen Navigation completed Successfully
04-Oct-24 18:36:26: INFO: Logger file created
04-Oct-24 18:36:53: INFO: Username is set
04-Oct-24 18:36:53: INFO: Password is set
04-Oct-24 18:37:25: INFO: Login Page is displayed
04-Oct-24 18:37:25: INFO: Login Completed Successfully
04-Oct-24 18:38:08: INFO: Product Screen Navigation completed Successfully
04-Oct-24 18:38:30: INFO: Add Products Screen Navigation completed Successfully
04-Oct-24 18:39:22: INFO: Logger file created
04-Oct-24 18:39:38: INFO: Username is set
04-Oct-24 18:39:38: INFO: Password is set
04-Oct-24 18:40:07: INFO: Login Page is displayed
04-Oct-24 18:40:07: INFO: Login Completed Successfully
04-Oct-24 18:40:49: INFO: Product Screen Navigation completed Successfully
04-Oct-24 18:41:12: INFO: Add Products Screen Navigation completed Successfully
04-Oct-24 18:45:50: INFO: Logger file created
04-Oct-24 18:46:07: INFO: Username is set
04-Oct-24 18:46:07: INFO: Password is set
04-Oct-24 18:46:38: INFO: Login Page is displayed
04-Oct-24 18:46:38: INFO: Login Completed Successfully
04-Oct-24 18:47:21: INFO: Product Screen Navigation completed Successfully
04-Oct-24 18:47:45: INFO: Add Products Screen Navigation completed Successfully
04-Oct-24 18:48:06: INFO: New product added  Successfully
04-Oct-24 18:53:32: INFO: Logger file created
04-Oct-24 18:53:49: INFO: Username is set
04-Oct-24 18:53:49: INFO: Password is set
04-Oct-24 18:54:22: INFO: Login Page is displayed
04-Oct-24 18:54:22: INFO: Login Completed Successfully
04-Oct-24 18:55:04: INFO: Product Screen Navigation completed Successfully
04-Oct-24 18:55:26: INFO: Add Products Screen Navigation completed Successfully
04-Oct-24 18:56:30: INFO: Logger file created
04-Oct-24 18:56:47: INFO: Username is set
04-Oct-24 18:56:47: INFO: Password is set
04-Oct-24 18:57:17: INFO: Login Page is displayed
04-Oct-24 18:57:17: INFO: Login Completed Successfully
04-Oct-24 18:58:05: INFO: Product Screen Navigation completed Successfully
04-Oct-24 18:58:29: INFO: Add Products Screen Navigation completed Successfully
04-Oct-24 19:15:19: INFO: Logger file created
04-Oct-24 19:15:36: INFO: Username is set
04-Oct-24 19:15:36: INFO: Password is set
04-Oct-24 19:16:07: INFO: Login Page is displayed
04-Oct-24 19:16:07: INFO: Login Completed Successfully
04-Oct-24 19:16:49: INFO: Product Screen Navigation completed Successfully
04-Oct-24 19:17:12: INFO: Add Products Screen Navigation completed Successfully
04-Oct-24 19:17:34: INFO: New product added  Successfully
05-Oct-24 18:12:29: INFO: Logger file created
05-Oct-24 18:12:38: INFO: Username is set
05-Oct-24 18:12:38: INFO: Password is set
05-Oct-24 18:12:59: INFO: Login Page is displayed
05-Oct-24 18:12:59: INFO: Login Completed Successfully
05-Oct-24 18:13:41: INFO: Product Screen Navigation completed Successfully
05-Oct-24 18:14:03: INFO: Add Products Screen Navigation completed Successfully
05-Oct-24 18:14:25: INFO: New product added  Successfully
09-Oct-24 11:34:27: INFO: Logger file created
09-Oct-24 11:37:28: INFO: Logger file created
09-Oct-24 11:37:42: INFO: Username is set
09-Oct-24 11:37:42: INFO: Password is set
09-Oct-24 11:38:09: INFO: Login Page is displayed
09-Oct-24 11:38:09: INFO: Login Completed Successfully
09-Oct-24 11:38:50: INFO: Product Screen Navigation completed Successfully
09-Oct-24 11:39:13: INFO: Add Products Screen Navigation completed Successfully
09-Oct-24 11:39:35: INFO: New product added  Successfully
09-Oct-24 12:08:15: INFO: Logger file created
09-Oct-24 12:08:27: INFO: Username is set
09-Oct-24 12:08:27: INFO: Password is set
09-Oct-24 12:08:54: INFO: Login Page is displayed
09-Oct-24 12:08:54: INFO: Login Completed Successfully
09-Oct-24 12:09:36: INFO: Product Screen Navigation completed Successfully
09-Oct-24 12:10:03: INFO: Add Products Screen Navigation completed Successfully
09-Oct-24 12:10:24: INFO: New product added  Successfully
09-Oct-24 12:11:48: INFO: Logger file created
09-Oct-24 12:49:04: INFO: Logger file created
09-Oct-24 12:49:25: INFO: Username is set
09-Oct-24 12:49:25: INFO: Password is set
09-Oct-24 12:49:53: INFO: Login Page is displayed
09-Oct-24 12:49:53: INFO: Login Completed Successfully
09-Oct-24 12:50:37: INFO: Product Screen Navigation completed Successfully
09-Oct-24 12:51:04: INFO: Add Products Screen Navigation completed Successfully
09-Oct-24 12:51:25: INFO: New product added  Successfully
09-Oct-24 12:51:40: INFO: Username is set
09-Oct-24 12:51:40: INFO: Password is set
09-Oct-24 12:52:07: INFO: Login Page is displayed
09-Oct-24 12:52:49: INFO: Navigated to Product Screen Successfully
09-Oct-24 12:53:31: INFO: Navigated to Product Tags  Screen Successfully
09-Oct-24 12:54:12: INFO: Navigated to Product Reviews  Screen Successfully
09-Oct-24 12:54:56: INFO: Navigated to Categories  Screen Successfully
09-Oct-24 12:55:38: INFO: Navigated to Manufacturers  Screen Successfully
09-Oct-24 14:42:49: INFO: Logger file created
09-Oct-24 14:43:19: INFO: Username is set
09-Oct-24 14:43:19: INFO: Password is set
09-Oct-24 14:43:49: INFO: Login Page is displayed
09-Oct-24 14:43:49: INFO: Login Completed Successfully
09-Oct-24 14:44:37: INFO: Product Screen Navigation completed Successfully
09-Oct-24 14:45:05: INFO: Add Products Screen Navigation completed Successfully
09-Oct-24 14:45:32: INFO: New product added  Successfully
09-Oct-24 14:45:48: INFO: Username is set
09-Oct-24 14:45:48: INFO: Password is set
09-Oct-24 14:46:24: INFO: Login Page is displayed
09-Oct-24 14:47:13: INFO: Navigated to Product Screen Successfully
09-Oct-24 14:47:54: INFO: Navigated to Product Tags  Screen Successfully
09-Oct-24 14:48:48: INFO: Navigated to Product Reviews  Screen Successfully
09-Oct-24 14:49:30: INFO: Navigated to Categories  Screen Successfully
09-Oct-24 14:50:14: INFO: Navigated to Manufacturers  Screen Successfully
09-Oct-24 18:15:42: INFO: Logger file created
09-Oct-24 18:15:53: INFO: Username is set
09-Oct-24 18:15:53: INFO: Password is set
09-Oct-24 18:16:16: INFO: Login Page is displayed
09-Oct-24 18:16:16: INFO: Login Completed Successfully
09-Oct-24 18:16:58: INFO: Product Screen Navigation completed Successfully
09-Oct-24 18:17:20: INFO: Add Products Screen Navigation completed Successfully
09-Oct-24 18:17:41: INFO: New product added  Successfully
09-Oct-24 18:21:09: INFO: Logger file created
09-Oct-24 18:21:19: INFO: Username is set
09-Oct-24 18:21:19: INFO: Password is set
09-Oct-24 18:21:43: INFO: Login Page is displayed
09-Oct-24 18:21:43: INFO: Login Completed Successfully
09-Oct-24 18:22:26: INFO: Product Screen Navigation completed Successfully
09-Oct-24 18:22:47: INFO: Add Products Screen Navigation completed Successfully
09-Oct-24 18:23:09: INFO: New product added  Successfully
09-Oct-24 18:26:10: INFO: Logger file created
09-Oct-24 18:26:19: INFO: Username is set
09-Oct-24 18:26:20: INFO: Password is set
09-Oct-24 18:26:42: INFO: Login Page is displayed
09-Oct-24 18:26:42: INFO: Login Completed Successfully
09-Oct-24 18:27:24: INFO: Product Screen Navigation completed Successfully
09-Oct-24 18:27:46: INFO: Add Products Screen Navigation completed Successfully
09-Oct-24 18:28:08: INFO: New product added  Successfully
09-Oct-24 18:28:17: INFO: Username is set
09-Oct-24 18:28:17: INFO: Password is set
09-Oct-24 18:28:40: INFO: Login Page is displayed
09-Oct-24 18:29:22: INFO: Navigated to Product Screen Successfully
09-Oct-24 18:30:04: INFO: Navigated to Product Tags  Screen Successfully
09-Oct-24 18:30:46: INFO: Navigated to Product Reviews  Screen Successfully
09-Oct-24 18:31:29: INFO: Navigated to Categories  Screen Successfully
09-Oct-24 18:32:12: INFO: Navigated to Manufacturers  Screen Successfully
10-Oct-24 14:04:35: INFO: Logger file created
10-Oct-24 14:04:35: INFO: Logger file created
10-Oct-24 14:07:27: INFO: Logger file created
10-Oct-24 14:07:49: INFO: Username is set
10-Oct-24 14:07:49: INFO: Password is set
10-Oct-24 14:08:17: INFO: Login Page is displayed
10-Oct-24 14:08:17: INFO: Login Completed Successfully
10-Oct-24 14:09:02: INFO: Product Screen Navigation completed Successfully
10-Oct-24 14:09:27: INFO: Add Products Screen Navigation completed Successfully
10-Oct-24 14:09:49: INFO: New product added  Successfully
10-Oct-24 14:10:03: INFO: Username is set
10-Oct-24 14:10:03: INFO: Password is set
10-Oct-24 14:10:30: INFO: Login Page is displayed
10-Oct-24 14:11:14: INFO: Navigated to Product Screen Successfully
10-Oct-24 14:11:55: INFO: Navigated to Product Tags  Screen Successfully
10-Oct-24 14:12:37: INFO: Navigated to Product Reviews  Screen Successfully
10-Oct-24 14:13:20: INFO: Navigated to Categories  Screen Successfully
10-Oct-24 14:14:02: INFO: Navigated to Manufacturers  Screen Successfully
10-Oct-24 14:17:02: INFO: Logger file created
10-Oct-24 14:17:15: INFO: Username is set
10-Oct-24 14:17:15: INFO: Password is set
10-Oct-24 14:17:42: INFO: Login Page is displayed
10-Oct-24 14:17:42: INFO: Login Completed Successfully
10-Oct-24 14:17:49: WARNING: Retrying (Retry(total=2, connect=None, read=None, redirect=None, status=None)) after connection broken by 'NewConnectionError('<urllib3.connection.HTTPConnection object at 0x0000022CDE6D1070>: Failed to establish a new connection: [WinError 10061] No connection could be made because the target machine actively refused it')': /session/d814d3fe89d00e0ea0d4cf4ca00dde3d
10-Oct-24 14:17:53: WARNING: Retrying (Retry(total=1, connect=None, read=None, redirect=None, status=None)) after connection broken by 'NewConnectionError('<urllib3.connection.HTTPConnection object at 0x0000022CDE8549B0>: Failed to establish a new connection: [WinError 10061] No connection could be made because the target machine actively refused it')': /session/d814d3fe89d00e0ea0d4cf4ca00dde3d
10-Oct-24 14:17:56: INFO: Logger file created
10-Oct-24 14:17:57: WARNING: Retrying (Retry(total=0, connect=None, read=None, redirect=None, status=None)) after connection broken by 'NewConnectionError('<urllib3.connection.HTTPConnection object at 0x0000022CDE854CE0>: Failed to establish a new connection: [WinError 10061] No connection could be made because the target machine actively refused it')': /session/d814d3fe89d00e0ea0d4cf4ca00dde3d
10-Oct-24 14:18:42: INFO: Logger file created
10-Oct-24 14:18:53: INFO: Username is set
10-Oct-24 14:18:53: INFO: Password is set
10-Oct-24 14:19:05: WARNING: Retrying (Retry(total=2, connect=None, read=None, redirect=None, status=None)) after connection broken by 'NewConnectionError('<urllib3.connection.HTTPConnection object at 0x000001C7AC2B12B0>: Failed to establish a new connection: [WinError 10061] No connection could be made because the target machine actively refused it')': /session/88f60206e91087d47b04a8c51bbe26ea
10-Oct-24 14:19:09: WARNING: Retrying (Retry(total=1, connect=None, read=None, redirect=None, status=None)) after connection broken by 'NewConnectionError('<urllib3.connection.HTTPConnection object at 0x000001C7AC29E840>: Failed to establish a new connection: [WinError 10061] No connection could be made because the target machine actively refused it')': /session/88f60206e91087d47b04a8c51bbe26ea
10-Oct-24 14:19:14: WARNING: Retrying (Retry(total=0, connect=None, read=None, redirect=None, status=None)) after connection broken by 'NewConnectionError('<urllib3.connection.HTTPConnection object at 0x000001C7AC29C2F0>: Failed to establish a new connection: [WinError 10061] No connection could be made because the target machine actively refused it')': /session/88f60206e91087d47b04a8c51bbe26ea
10-Oct-24 14:19:48: INFO: Logger file created
10-Oct-24 14:20:00: INFO: Username is set
10-Oct-24 14:20:00: INFO: Password is set
10-Oct-24 14:37:00: INFO: Logger file created
10-Oct-24 14:37:12: INFO: Username is set
10-Oct-24 14:37:13: INFO: Password is set
10-Oct-24 14:37:42: INFO: Login Page is displayed
10-Oct-24 14:37:42: INFO: Login Completed Successfully
10-Oct-24 14:38:26: INFO: Product Screen Navigation completed Successfully
10-Oct-24 14:38:49: INFO: Add Products Screen Navigation completed Successfully
10-Oct-24 14:39:10: INFO: New product added  Successfully
10-Oct-24 14:39:25: INFO: Username is set
10-Oct-24 14:39:25: INFO: Password is set
10-Oct-24 14:39:54: INFO: Login Page is displayed
10-Oct-24 14:40:36: INFO: Navigated to Product Screen Successfully
10-Oct-24 14:41:17: INFO: Navigated to Product Tags  Screen Successfully
10-Oct-24 14:41:59: INFO: Navigated to Product Reviews  Screen Successfully
10-Oct-24 14:42:42: INFO: Navigated to Categories  Screen Successfully
10-Oct-24 14:43:24: INFO: Navigated to Manufacturers  Screen Successfully
10-Oct-24 14:55:12: INFO: Logger file created
10-Oct-24 14:58:56: INFO: Logger file created
10-Oct-24 15:40:14: INFO: Logger file created
10-Oct-24 15:45:54: INFO: Logger file created
10-Oct-24 15:46:07: INFO: Username is set
10-Oct-24 15:46:07: INFO: Password is set
15-Oct-24 10:33:59: INFO: Logger file created
15-Oct-24 10:34:19: WARNING: Error sending stats to Plausible: error sending request for url (https://plausible.io/api/event)
15-Oct-24 10:34:39: INFO: Username is set
15-Oct-24 10:34:40: INFO: Password is set
15-Oct-24 10:40:41: INFO: Logger file created
15-Oct-24 10:59:02: INFO: Logger file created
15-Oct-24 11:01:19: INFO: Logger file created
15-Oct-24 11:04:20: INFO: Logger file created
15-Oct-24 11:13:16: INFO: Logger file created
15-Oct-24 11:18:01: INFO: Logger file created
15-Oct-24 11:19:06: INFO: Logger file created
15-Oct-24 11:19:32: INFO: Username is set
15-Oct-24 11:19:32: INFO: Password is set
15-Oct-24 11:20:07: INFO: Login Page is displayed
15-Oct-24 11:20:07: INFO: Login Completed Successfully
15-Oct-24 11:42:54: INFO: Logger file created
15-Oct-24 11:42:59: WARNING: There was an error managing chromedriver (error sending request for url (https://googlechromelabs.github.io/chrome-for-testing/known-good-versions-with-downloads.json)); using driver found in the cache
15-Oct-24 11:45:35: INFO: Logger file created
15-Oct-24 12:34:29: INFO: Logger file created
15-Oct-24 12:34:36: INFO: Username is set
15-Oct-24 12:34:36: INFO: Password is set
15-Oct-24 12:35:03: INFO: Login Page is displayed
15-Oct-24 12:35:03: INFO: Login Completed Successfully
15-Oct-24 12:35:51: INFO: Product Screen Navigation completed Successfully
15-Oct-24 12:36:25: INFO: Add Products Screen Navigation completed Successfully
15-Oct-24 12:36:48: INFO: New product added  Successfully
15-Oct-24 12:41:04: INFO: Logger file created
15-Oct-24 12:41:12: INFO: Username is set
15-Oct-24 12:41:12: INFO: Password is set
15-Oct-24 12:41:39: INFO: Login Page is displayed
15-Oct-24 12:41:39: INFO: Login Completed Successfully
15-Oct-24 12:42:24: INFO: Product Screen Navigation completed Successfully
15-Oct-24 12:42:57: INFO: Add Products Screen Navigation completed Successfully
15-Oct-24 12:43:47: INFO: New product added  Successfully
15-Oct-24 12:44:14: INFO: Username is set
15-Oct-24 12:44:15: INFO: Password is set
15-Oct-24 12:44:46: INFO: Login Page is displayed
15-Oct-24 12:45:28: INFO: Navigated to Product Screen Successfully
15-Oct-24 12:46:10: INFO: Navigated to Product Tags  Screen Successfully
15-Oct-24 12:46:52: INFO: Navigated to Product Reviews  Screen Successfully
15-Oct-24 12:47:33: INFO: Navigated to Categories  Screen Successfully
15-Oct-24 12:48:15: INFO: Navigated to Manufacturers  Screen Successfully
15-Oct-24 17:38:01: INFO: Logger file created
15-Oct-24 17:42:17: INFO: Logger file created
15-Oct-24 17:44:40: INFO: Logger file created
15-Oct-24 17:48:30: INFO: Logger file created
15-Oct-24 17:48:42: INFO: The Value admin@yourstore.comwas entered in textboxUserNameSuccessfully
15-Oct-24 17:49:13: INFO: Login Page is displayed
15-Oct-24 17:49:13: INFO: Login Completed Successfully
15-Oct-24 17:49:55: INFO: Product Screen Navigation completed Successfully
15-Oct-24 17:50:20: INFO: Add Products Screen Navigation completed Successfully
15-Oct-24 17:50:41: INFO: New product added  Successfully
15-Oct-24 17:51:01: INFO: The Value admin@yourstore.comwas entered in textboxUserNameSuccessfully
15-Oct-24 17:51:30: INFO: Login Page is displayed
15-Oct-24 17:52:13: INFO: Navigated to Product Screen Successfully
15-Oct-24 17:52:55: INFO: Navigated to Product Tags  Screen Successfully
15-Oct-24 17:53:37: INFO: Navigated to Product Reviews  Screen Successfully
15-Oct-24 17:54:18: INFO: Navigated to Categories  Screen Successfully
15-Oct-24 17:55:00: INFO: Navigated to Manufacturers  Screen Successfully
15-Oct-24 18:28:27: INFO: Logger file created
15-Oct-24 18:28:41: INFO: The Value admin@yourstore.comwas entered in textboxUserNameSuccessfully
15-Oct-24 18:28:41: INFO: The Value adminwas entered in textboxPasswordSuccessfully
15-Oct-24 18:28:53: INFO: The Login Buttonclicked successfully
15-Oct-24 18:29:13: INFO: Login Completed Successfully
15-Oct-24 18:29:59: INFO: Product Screen Navigation completed Successfully
15-Oct-24 18:30:28: INFO: Add Products Screen Navigation completed Successfully
15-Oct-24 18:30:50: INFO: New product added  Successfully
15-Oct-24 18:31:04: INFO: The Value admin@yourstore.comwas entered in textboxUserNameSuccessfully
15-Oct-24 18:31:04: INFO: The Value adminwas entered in textboxPasswordSuccessfully
15-Oct-24 18:31:15: INFO: The Login Buttonclicked successfully
15-Oct-24 18:32:21: INFO: Navigated to Product Screen Successfully
15-Oct-24 18:33:06: INFO: Navigated to Product Tags  Screen Successfully
15-Oct-24 18:33:49: INFO: Navigated to Product Reviews  Screen Successfully
15-Oct-24 18:34:31: INFO: Navigated to Categories  Screen Successfully
15-Oct-24 18:35:13: INFO: Navigated to Manufacturers  Screen Successfully
15-Oct-24 18:41:24: INFO: Logger file created
15-Oct-24 18:42:05: WARNING: Error sending stats to Plausible: error sending request for url (https://plausible.io/api/event)
15-Oct-24 18:42:20: INFO: The Value admin@yourstore.com was entered in textbox UserName Successfully
15-Oct-24 18:42:20: INFO: The Value admin was entered in textbox Password Successfully
15-Oct-24 18:43:14: INFO: The Value admin@yourstore.com was entered in textbox UserName Successfully
15-Oct-24 18:43:14: INFO: The Value admin was entered in textbox Password Successfully
15-Oct-24 18:52:54: INFO: Logger file created
15-Oct-24 18:53:10: INFO: The Value admin@yourstore.com was entered in textbox UserName Successfully
15-Oct-24 18:53:10: INFO: The Value admin was entered in textbox Password Successfully
15-Oct-24 18:53:28: INFO: The Login Button clicked successfully
15-Oct-24 18:53:48: INFO: Login Button Clicked Successfully
15-Oct-24 18:53:48: INFO: Home Page is displayed
15-Oct-24 18:53:48: INFO: Login Completed Successfully
15-Oct-24 18:54:40: INFO: Product Screen Navigation completed Successfully
15-Oct-24 18:55:07: INFO: Add Products Screen Navigation completed Successfully
15-Oct-24 18:55:44: INFO: The Value admin@yourstore.com was entered in textbox UserName Successfully
15-Oct-24 18:55:45: INFO: The Value admin was entered in textbox Password Successfully
15-Oct-24 18:55:56: INFO: The Login Button clicked successfully
15-Oct-24 18:56:16: INFO: Login Button Clicked Successfully
15-Oct-24 18:56:16: INFO: Home Page is displayed
15-Oct-24 18:57:03: INFO: Navigated to Product Screen Successfully
15-Oct-24 18:57:45: INFO: Navigated to Product Tags  Screen Successfully
15-Oct-24 18:58:28: INFO: Navigated to Product Reviews  Screen Successfully
15-Oct-24 18:59:13: INFO: Navigated to Categories  Screen Successfully
15-Oct-24 18:59:59: INFO: Navigated to Manufacturers  Screen Successfully
15-Oct-24 19:39:59: INFO: Logger file created
15-Oct-24 19:40:25: INFO: The Value admin@yourstore.com was entered in textbox UserName Successfully
15-Oct-24 19:40:25: INFO: The Value admin was entered in textbox Password Successfully
15-Oct-24 19:40:59: INFO: The Value admin@yourstore.com was entered in textbox UserName Successfully
15-Oct-24 19:40:59: INFO: The Value admin was entered in textbox Password Successfully
15-Oct-24 19:46:35: INFO: Logger file created
15-Oct-24 19:47:44: WARNING: Error sending stats to Plausible: error sending request for url (https://plausible.io/api/event)
15-Oct-24 19:48:02: INFO: The Value admin@yourstore.com was entered in textbox UserName Successfully
15-Oct-24 19:48:02: INFO: The Value admin was entered in textbox Password Successfully
15-Oct-24 19:48:35: INFO: The Login Button clicked successfully
15-Oct-24 19:48:35: INFO: Login Button Clicked Successfully
15-Oct-24 19:48:35: INFO: Home Page is displayed
15-Oct-24 19:48:35: INFO: Login Completed Successfully
15-Oct-24 19:48:55: INFO: The Value admin@yourstore.com was entered in textbox UserName Successfully
15-Oct-24 19:48:55: INFO: The Value admin was entered in textbox Password Successfully
15-Oct-24 19:49:33: INFO: The Login Button clicked successfully
15-Oct-24 19:49:33: INFO: Login Button Clicked Successfully
15-Oct-24 19:49:33: INFO: Home Page is displayed
15-Oct-24 19:52:08: INFO: Logger file created
15-Oct-24 19:52:44: INFO: The Value admin@yourstore.com was entered in textbox UserName Successfully
15-Oct-24 19:52:44: INFO: The Value admin was entered in textbox Password Successfully
15-Oct-24 19:53:34: INFO: The Login Button clicked successfully
15-Oct-24 19:53:34: INFO: Login Button Clicked Successfully
15-Oct-24 19:53:34: INFO: Home Page is displayed
15-Oct-24 19:53:34: INFO: Login Completed Successfully
15-Oct-24 19:53:51: INFO: The Value admin@yourstore.com was entered in textbox UserName Successfully
15-Oct-24 19:53:51: INFO: The Value admin was entered in textbox Password Successfully
15-Oct-24 19:54:42: INFO: The Login Button clicked successfully
15-Oct-24 19:54:42: INFO: Login Button Clicked Successfully
15-Oct-24 19:54:42: INFO: Home Page is displayed
15-Oct-24 20:00:52: INFO: Logger file created
15-Oct-24 20:01:08: INFO: The Value admin@yourstore.com was entered in textbox UserName Successfully
15-Oct-24 20:01:08: INFO: The Value admin was entered in textbox Password Successfully
15-Oct-24 20:01:51: INFO: The Login Button clicked successfully
15-Oct-24 20:01:51: INFO: Login Button Clicked Successfully
15-Oct-24 20:01:51: INFO: Home Page is displayed
15-Oct-24 20:01:51: INFO: Login Completed Successfully
15-Oct-24 20:04:28: INFO: Logger file created
15-Oct-24 20:04:47: INFO: The Value admin@yourstore.com was entered in textbox UserName Successfully
15-Oct-24 20:04:47: INFO: The Value admin was entered in textbox Password Successfully
15-Oct-24 20:05:18: INFO: The Login Button clicked successfully
15-Oct-24 20:05:18: INFO: Login Button Clicked Successfully
15-Oct-24 20:05:18: INFO: Home Page is displayed
15-Oct-24 20:05:18: INFO: Login Completed Successfully
15-Oct-24 20:10:59: INFO: Logger file created
15-Oct-24 20:11:20: INFO: The Value admin@yourstore.com was entered in textbox UserName Successfully
15-Oct-24 20:11:20: INFO: The Value admin was entered in textbox Password Successfully
15-Oct-24 20:11:58: INFO: The Login Button clicked successfully
15-Oct-24 20:11:58: INFO: Login Button Clicked Successfully
15-Oct-24 20:11:58: INFO: Home Page is displayed
15-Oct-24 20:11:58: INFO: Login Completed Successfully
15-Oct-24 20:12:18: INFO: The Catalog Link clicked successfully
15-Oct-24 20:12:43: INFO: The Products Link clicked successfully
15-Oct-24 20:12:43: INFO: Product Page is displayed
15-Oct-24 20:13:03: INFO: The Catalog Link clicked successfully
15-Oct-24 20:13:03: INFO: Product Screen Navigation completed Successfully
15-Oct-24 20:13:31: INFO: The Add new Button clicked successfully
15-Oct-24 20:13:31: INFO: Add Products Screen Navigation completed Successfully
15-Oct-24 20:13:31: INFO: The Value TV was entered in textbox ProductName Successfully
15-Oct-24 20:13:53: INFO: The Save Button clicked successfully
15-Oct-24 20:13:53: INFO: New product added  Successfully
16-Oct-24 10:34:42: INFO: Logger file created
16-Oct-24 10:35:13: INFO: The Value admin@yourstore.com was entered in textbox UserName Successfully
16-Oct-24 10:35:13: INFO: The Value admin was entered in textbox Password Successfully
16-Oct-24 10:35:41: INFO: The Login Button clicked successfully
16-Oct-24 10:35:41: INFO: Login Button Clicked Successfully
16-Oct-24 10:35:41: INFO: Home Page is displayed
16-Oct-24 10:35:41: INFO: Login Completed Successfully
16-Oct-24 10:36:01: INFO: The Catalog Link clicked successfully
16-Oct-24 10:36:23: INFO: The Products Link clicked successfully
16-Oct-24 10:36:23: INFO: Product Page is displayed
16-Oct-24 10:36:43: INFO: The Catalog Link clicked successfully
16-Oct-24 10:36:43: INFO: Product Screen Navigation completed Successfully
16-Oct-24 10:37:07: INFO: The Add new Button clicked successfully
16-Oct-24 10:37:07: INFO: Add Products Screen Navigation completed Successfully
16-Oct-24 10:37:07: INFO: The Value TV was entered in textbox ProductName Successfully
16-Oct-24 10:37:29: INFO: The Save Button clicked successfully
16-Oct-24 10:37:29: INFO: New product added  Successfully
16-Oct-24 13:15:57: INFO: Logger file created
16-Oct-24 13:16:20: INFO: The Value admin@yourstore.com was entered in textbox UserName Successfully
16-Oct-24 13:16:20: INFO: The Value admin was entered in textbox Password Successfully
16-Oct-24 13:16:47: INFO: The Login Button clicked successfully
16-Oct-24 13:16:47: INFO: Login Button Clicked Successfully
16-Oct-24 13:16:47: INFO: Home Page is displayed
16-Oct-24 13:16:47: INFO: Login Completed Successfully
16-Oct-24 13:17:07: INFO: The Catalog Link clicked successfully
16-Oct-24 13:17:51: INFO: The Products Link clicked successfully
16-Oct-24 13:17:51: INFO: Product Page is displayed
16-Oct-24 13:18:11: INFO: The Catalog Link clicked successfully
16-Oct-24 13:18:11: INFO: Product Screen Navigation completed Successfully
16-Oct-24 13:18:26: WARNING: Retrying (Retry(total=2, connect=None, read=None, redirect=None, status=None)) after connection broken by 'NewConnectionError('<urllib3.connection.HTTPConnection object at 0x0000024C7FA2C860>: Failed to establish a new connection: [WinError 10061] No connection could be made because the target machine actively refused it')': /session/bab68cd960c50226aeeebe79197ad387
16-Oct-24 13:18:30: WARNING: Retrying (Retry(total=1, connect=None, read=None, redirect=None, status=None)) after connection broken by 'NewConnectionError('<urllib3.connection.HTTPConnection object at 0x0000024C7FD69520>: Failed to establish a new connection: [WinError 10061] No connection could be made because the target machine actively refused it')': /session/bab68cd960c50226aeeebe79197ad387
16-Oct-24 13:18:34: WARNING: Retrying (Retry(total=0, connect=None, read=None, redirect=None, status=None)) after connection broken by 'NewConnectionError('<urllib3.connection.HTTPConnection object at 0x0000024C7FD69910>: Failed to establish a new connection: [WinError 10061] No connection could be made because the target machine actively refused it')': /session/bab68cd960c50226aeeebe79197ad387
16-Oct-24 13:49:01: INFO: Logger file created
16-Oct-24 13:49:07: INFO: The Value admin@yourstore.com was entered in textbox UserName Successfully
16-Oct-24 13:49:07: INFO: The Value admin was entered in textbox Password Successfully
16-Oct-24 13:49:29: INFO: The Login Button clicked successfully
16-Oct-24 13:49:29: INFO: Login Button Clicked Successfully
16-Oct-24 13:49:29: INFO: Home Page is displayed
16-Oct-24 13:49:29: INFO: Login Completed Successfully
16-Oct-24 13:49:49: INFO: The Catalog Link clicked successfully
16-Oct-24 13:50:11: INFO: The Products Link clicked successfully
16-Oct-24 13:50:11: INFO: Product Page is displayed
16-Oct-24 13:50:31: INFO: The Catalog Link clicked successfully
16-Oct-24 13:50:31: INFO: Product Screen Navigation completed Successfully
16-Oct-24 13:50:52: INFO: The Add new Button clicked successfully
16-Oct-24 13:50:52: INFO: Add Products Screen Navigation completed Successfully
16-Oct-24 13:50:52: INFO: The Value TV was entered in textbox ProductName Successfully
16-Oct-24 13:51:13: INFO: The Save Button clicked successfully
16-Oct-24 13:51:13: INFO: New product added  Successfully
16-Oct-24 13:54:37: INFO: Logger file created
16-Oct-24 13:54:43: INFO: The Value admin@yourstore.com was entered in textbox UserName Successfully
16-Oct-24 13:54:43: INFO: The Value admin was entered in textbox Password Successfully
16-Oct-24 13:55:06: INFO: The Login Button clicked successfully
16-Oct-24 13:55:06: INFO: Login Button Clicked Successfully
16-Oct-24 13:55:06: INFO: Home Page is displayed
16-Oct-24 13:55:06: INFO: Login Completed Successfully
16-Oct-24 13:55:26: INFO: The Catalog Link clicked successfully
16-Oct-24 13:55:47: INFO: The Products Link clicked successfully
16-Oct-24 13:55:47: INFO: Product Page is displayed
16-Oct-24 13:56:07: INFO: The Catalog Link clicked successfully
16-Oct-24 13:56:07: INFO: Product Screen Navigation completed Successfully
16-Oct-24 13:56:28: INFO: The Add new Button clicked successfully
16-Oct-24 13:56:28: INFO: Add Products Screen Navigation completed Successfully
16-Oct-24 13:56:29: INFO: The Value TV was entered in textbox ProductName Successfully
16-Oct-24 13:56:50: INFO: The Save Button clicked successfully
16-Oct-24 13:56:50: INFO: New product added  Successfully
16-Oct-24 14:57:51: INFO: Logger file created
16-Oct-24 14:58:00: INFO: The Value admin@yourstore.com was entered in textbox UserName Successfully
16-Oct-24 14:58:00: INFO: The Value admin was entered in textbox Password Successfully
16-Oct-24 14:58:22: INFO: The Login Button clicked successfully
16-Oct-24 14:58:22: INFO: Login Button Clicked Successfully
16-Oct-24 14:58:22: INFO: Home Page is displayed
16-Oct-24 14:58:22: INFO: Login Completed Successfully
16-Oct-24 14:58:42: INFO: The Catalog Link clicked successfully
16-Oct-24 14:59:03: INFO: The Products Link clicked successfully
16-Oct-24 14:59:03: INFO: Product Page is displayed
16-Oct-24 14:59:23: INFO: The Catalog Link clicked successfully
16-Oct-24 14:59:23: INFO: Product Screen Navigation completed Successfully
16-Oct-24 14:59:45: INFO: The Add new Button clicked successfully
16-Oct-24 14:59:45: INFO: Add Products Screen Navigation completed Successfully
16-Oct-24 15:25:05: INFO: Logger file created
16-Oct-24 15:25:12: INFO: The Value admin@yourstore.com was entered in textbox UserName Successfully
16-Oct-24 15:25:12: INFO: The Value admin was entered in textbox Password Successfully
16-Oct-24 15:25:34: INFO: The Login Button clicked successfully
16-Oct-24 15:25:34: INFO: Login Button Clicked Successfully
16-Oct-24 15:25:34: INFO: Home Page is displayed
16-Oct-24 15:25:34: INFO: Login Completed Successfully
16-Oct-24 15:25:54: INFO: The Catalog Link clicked successfully
16-Oct-24 15:26:15: INFO: The Products Link clicked successfully
16-Oct-24 15:26:15: INFO: Product Page is displayed
16-Oct-24 15:26:35: INFO: The Catalog Link clicked successfully
16-Oct-24 15:26:35: INFO: Product Screen Navigation completed Successfully
16-Oct-24 15:26:56: INFO: The Add new Button clicked successfully
16-Oct-24 15:26:56: INFO: Add Products Screen Navigation completed Successfully
16-Oct-24 15:26:56: INFO: The Value TV was entered in textbox ProductName Successfully
16-Oct-24 15:27:18: INFO: The Save Button clicked successfully
16-Oct-24 15:27:18: INFO: New product added  Successfully
16-Oct-24 15:28:52: INFO: Logger file created
16-Oct-24 15:28:57: INFO: The Value admin@yourstore.com was entered in textbox UserName Successfully
16-Oct-24 15:28:57: INFO: The Value admin was entered in textbox Password Successfully
16-Oct-24 15:29:20: INFO: The Login Button clicked successfully
16-Oct-24 15:29:20: INFO: Login Button Clicked Successfully
16-Oct-24 15:29:20: INFO: Home Page is displayed
16-Oct-24 15:29:20: INFO: Login Completed Successfully
16-Oct-24 15:29:40: INFO: The Catalog Link clicked successfully
16-Oct-24 15:30:02: INFO: The Products Link clicked successfully
16-Oct-24 15:30:02: INFO: Product Page is displayed
16-Oct-24 15:30:22: INFO: The Catalog Link clicked successfully
16-Oct-24 15:30:22: INFO: Product Screen Navigation completed Successfully
16-Oct-24 15:30:43: INFO: The Add new Button clicked successfully
16-Oct-24 15:30:43: INFO: Add Products Screen Navigation completed Successfully
16-Oct-24 15:30:44: INFO: The Value TV was entered in textbox ProductName Successfully
16-Oct-24 15:31:06: INFO: The Save Button clicked successfully
16-Oct-24 15:31:06: INFO: New product added  Successfully
16-Oct-24 15:33:36: INFO: Logger file created
16-Oct-24 15:33:42: INFO: The Value admin@yourstore.com was entered in textbox UserName Successfully
16-Oct-24 15:33:42: INFO: The Value admin was entered in textbox Password Successfully
16-Oct-24 15:34:04: INFO: The Login Button clicked successfully
16-Oct-24 15:34:04: INFO: Login Button Clicked Successfully
16-Oct-24 15:34:04: INFO: Home Page is displayed
16-Oct-24 15:34:04: INFO: Login Completed Successfully
16-Oct-24 15:34:24: INFO: The Catalog Link clicked successfully
16-Oct-24 15:34:45: INFO: The Products Link clicked successfully
16-Oct-24 15:34:45: INFO: Product Page is displayed
16-Oct-24 15:35:05: INFO: The Catalog Link clicked successfully
16-Oct-24 15:35:05: INFO: Product Screen Navigation completed Successfully
16-Oct-24 15:35:27: INFO: The Add new Button clicked successfully
16-Oct-24 15:35:27: INFO: Add Products Screen Navigation completed Successfully
16-Oct-24 15:35:27: INFO: The Value TV was entered in textbox ProductName Successfully
16-Oct-24 15:35:48: INFO: The Save Button clicked successfully
16-Oct-24 15:35:48: INFO: New product added  Successfully
16-Oct-24 15:39:37: INFO: Logger file created
16-Oct-24 15:39:43: INFO: The Value admin@yourstore.com was entered in textbox UserName Successfully
16-Oct-24 15:39:44: INFO: The Value admin was entered in textbox Password Successfully
16-Oct-24 15:40:06: INFO: The Login Button clicked successfully
16-Oct-24 15:40:06: INFO: Login Button Clicked Successfully
16-Oct-24 15:40:06: INFO: Home Page is displayed
16-Oct-24 15:40:06: INFO: Login Completed Successfully
16-Oct-24 15:40:26: INFO: The Catalog Link clicked successfully
16-Oct-24 15:40:47: INFO: The Products Link clicked successfully
16-Oct-24 15:40:47: INFO: Product Page is displayed
16-Oct-24 15:41:07: INFO: The Catalog Link clicked successfully
16-Oct-24 15:41:07: INFO: Product Screen Navigation completed Successfully
16-Oct-24 15:41:28: INFO: The Add new Button clicked successfully
16-Oct-24 15:41:28: INFO: Add Products Screen Navigation completed Successfully
16-Oct-24 15:41:28: INFO: The Value TV was entered in textbox ProductName Successfully
16-Oct-24 15:41:49: INFO: The Save Button clicked successfully
16-Oct-24 15:41:49: INFO: New product added  Successfully
16-Oct-24 15:47:00: INFO: Logger file created
16-Oct-24 15:47:06: INFO: The Value admin@yourstore.com was entered in textbox UserName Successfully
16-Oct-24 15:47:06: INFO: The Value admin was entered in textbox Password Successfully
16-Oct-24 15:47:28: INFO: The Login Button clicked successfully
16-Oct-24 15:47:28: INFO: Login Button Clicked Successfully
16-Oct-24 15:47:28: INFO: Home Page is displayed
16-Oct-24 15:47:28: INFO: Login Completed Successfully
16-Oct-24 15:47:49: INFO: The Catalog Link clicked successfully
16-Oct-24 15:48:09: INFO: The Products Link clicked successfully
16-Oct-24 15:48:09: INFO: Product Page is displayed
16-Oct-24 15:48:29: INFO: The Catalog Link clicked successfully
16-Oct-24 15:48:29: INFO: Product Screen Navigation completed Successfully
16-Oct-24 15:48:51: INFO: The Add new Button clicked successfully
16-Oct-24 15:48:51: INFO: Add Products Screen Navigation completed Successfully
16-Oct-24 15:48:51: INFO: The Value TV was entered in textbox ProductName Successfully
16-Oct-24 15:49:12: INFO: The Save Button clicked successfully
16-Oct-24 15:49:12: INFO: New product added  Successfully
